{
  "stats": {
    "suites": 0,
    "tests": 2,
    "passes": 2,
    "pending": 0,
    "failures": 0,
    "start": "2023-02-25T19:42:40.571Z",
    "end": "2023-02-25T19:42:59.528Z",
    "duration": 18957,
    "testsRegistered": 2,
    "passPercent": 100,
    "pendingPercent": 0,
    "other": 0,
    "hasOther": false,
    "skipped": 0,
    "hasSkipped": false
  },
  "results": [
    {
      "uuid": "56921cf9-dbea-4f3b-aff1-98069bb59f80",
      "title": "",
      "fullFile": "cypress/integration/checkout.ts",
      "file": "cypress/integration/checkout.ts",
      "beforeHooks": [],
      "afterHooks": [],
      "tests": [
        {
          "title": "Test Sauce Demo Sauce labs checkout sauce labs backpack success",
          "fullTitle": "Test Sauce Demo Sauce labs checkout sauce labs backpack success",
          "timedOut": null,
          "duration": 11009,
          "state": "passed",
          "speed": "slow",
          "pass": true,
          "fail": false,
          "pending": false,
          "context": null,
          "code": "loginPage.login(URL, 'standard_user', 'secret_sauce');\nloginPage.assertLogin();\ndashboardPage.addToCart();\ndashboardPage.shoppingcart();\ndashboardPage.clickcheckout();\ndashboardPage.inputFirstName();\ndashboardPage.inputLastName();\ndashboardPage.inputZipCode();\ndashboardPage.clickContinue();\ndashboardPage.clickfnish();",
          "err": {},
          "uuid": "d8672978-35a7-4cf3-9127-ab04b944bd31",
          "parentUUID": "56921cf9-dbea-4f3b-aff1-98069bb59f80",
          "isHook": false,
          "skipped": false
        },
        {
          "title": "Test Sauce Demo Sauce labs checkout sauce labs backpack failed",
          "fullTitle": "Test Sauce Demo Sauce labs checkout sauce labs backpack failed",
          "timedOut": null,
          "duration": 3356,
          "state": "passed",
          "speed": "fast",
          "pass": true,
          "fail": false,
          "pending": false,
          "context": null,
          "code": "loginPage.login(URL, 'standard_user', 'secret_sauce');\nloginPage.assertLogin();\ndashboardPage.addToCart();\ndashboardPage.shoppingcart();\ndashboardPage.clickcheckout();\ndashboardPage.clickcontinuegagal();",
          "err": {},
          "uuid": "2db21958-13a6-41d3-bc9f-e3c53b344153",
          "parentUUID": "56921cf9-dbea-4f3b-aff1-98069bb59f80",
          "isHook": false,
          "skipped": false
        }
      ],
      "suites": [],
      "passes": [
        "d8672978-35a7-4cf3-9127-ab04b944bd31",
        "2db21958-13a6-41d3-bc9f-e3c53b344153"
      ],
      "failures": [],
      "pending": [],
      "skipped": [],
      "duration": 14365,
      "root": true,
      "rootEmpty": false,
      "_timeout": 2000
    }
  ],
  "meta": {
    "mocha": {
      "version": "7.0.1"
    },
    "mochawesome": {
      "options": {
        "quiet": false,
        "reportFilename": "mochawesome",
        "saveHtml": false,
        "saveJson": true,
        "consoleReporter": "spec",
        "useInlineDiffs": false,
        "code": true
      },
      "version": "7.1.3"
    },
    "marge": {
      "options": {
        "chart": true,
        "overwrite": false,
        "html": false,
        "json": true,
        "reportDir": "cypress/reports"
      },
      "version": "6.2.0"
    }
  }
}